0 info it worked if it ends with ok
1 verbose cli [ '/usr/local/bin/node', '/usr/local/bin/npm', 'publish' ]
2 info using npm@2.7.4
3 info using node@v0.12.2
4 verbose publish [ '.' ]
5 silly cache add args [ '.', null ]
6 verbose cache add spec .
7 silly cache add parsed spec { raw: '.',
7 silly cache add   scope: null,
7 silly cache add   name: null,
7 silly cache add   rawSpec: '.',
7 silly cache add   spec: '/home/jose/etherpad-lite/node_modules/ep_timesliderdiff',
7 silly cache add   type: 'directory' }
8 verbose addLocalDirectory /home/jose/.npm/ep_timesliderdiff/0.0.4/package.tgz not in flight; packing
9 verbose tar pack [ '/home/jose/.npm/ep_timesliderdiff/0.0.4/package.tgz',
9 verbose tar pack   '/home/jose/etherpad-lite/node_modules/ep_timesliderdiff' ]
10 verbose tarball /home/jose/.npm/ep_timesliderdiff/0.0.4/package.tgz
11 verbose folder /home/jose/etherpad-lite/node_modules/ep_timesliderdiff
12 info prepublish ep_timesliderdiff@0.0.4
13 verbose addLocalTarball adding from inside cache /home/jose/.npm/ep_timesliderdiff/0.0.4/package.tgz
14 silly cache afterAdd ep_timesliderdiff@0.0.4
15 verbose afterAdd /home/jose/.npm/ep_timesliderdiff/0.0.4/package/package.json not in flight; writing
16 verbose afterAdd /home/jose/.npm/ep_timesliderdiff/0.0.4/package/package.json written
17 silly publish { name: 'ep_timesliderdiff',
17 silly publish   version: '0.0.4',
17 silly publish   description: 'See a diff view showing the changes between the latest pad and a revision',
17 silly publish   author:
17 silly publish    { name: 'John McLear',
17 silly publish      email: 'john@mclear.co.uk',
17 silly publish      url: 'http://mclear.co.uk' },
17 silly publish   engines: { node: '>= 0.6.0' },
17 silly publish   dependencies: {},
17 silly publish   repository:
17 silly publish    { type: 'git',
17 silly publish      url: 'https://github.com/JohnMcLear/ep_timesliderdiff.git' },
17 silly publish   _id: 'ep_timesliderdiff@0.0.4',
17 silly publish   _from: '.',
17 silly publish   readme: '# Search through pad history on Etherpad Lite.\n\n![Alt text](http://i.imgur.com/gLoYk.png)\n\nEver worked on a document for ages and forgotten if you ever wrote about a certain topic or thing?  Well now you can search back the history of your topic.\n\nAre you paranoid someone might of deleted your work?  Well now you can find out who quickly and easily..  Nice UI makes unicorns sing carols of passion to flop.\n\nInstall via the /admin/plugins UI in Etherpad Lite.\n\n# TODO\n\n* Lots...\n* Authentication (SocketIO would fix this)\n* Use SocketIO instead of AJAX (for streaming when searching through large pads)\n* Minimize heavy lifting for large pads (by using diffs instead of entire pad context when doing regex)\n* UI polishing\n* Progress indicator\n',
17 silly publish   readmeFilename: 'README.md',
17 silly publish   dist: { shasum: '8bbb518b4049767c3f3cfaab18ec68068f783ede' },
17 silly publish   gitHead: '0d8409ddb28b7eb9ef168f9a5cd39e2adc82275b',
17 silly publish   bugs: { url: 'https://github.com/JohnMcLear/ep_timesliderdiff/issues' },
17 silly publish   homepage: 'https://github.com/JohnMcLear/ep_timesliderdiff',
17 silly publish   scripts: {},
17 silly publish   _shasum: '0ff10118d9c3a134768e2101e3482a8fa7883c1f' }
18 silly mapToRegistry name ep_timesliderdiff
19 silly mapToRegistry using default registry
20 silly mapToRegistry registry https://registry.npmjs.org/
21 silly mapToRegistry uri https://registry.npmjs.org/ep_timesliderdiff
22 verbose publish registryBase https://registry.npmjs.org/
23 silly publish uploading /home/jose/.npm/ep_timesliderdiff/0.0.4/package.tgz
24 verbose request uri https://registry.npmjs.org/ep_timesliderdiff
25 verbose request sending authorization for write operation
26 info attempt registry request try #1 at 12:34:39
27 verbose request using bearer token for auth
28 verbose request id c2da6a72d57195e5
29 http request PUT https://registry.npmjs.org/ep_timesliderdiff
30 http 403 https://registry.npmjs.org/ep_timesliderdiff
31 verbose headers { 'content-type': 'application/json',
31 verbose headers   'cache-control': 'max-age=60',
31 verbose headers   'content-length': '95',
31 verbose headers   'accept-ranges': 'bytes',
31 verbose headers   date: 'Wed, 02 Dec 2015 12:34:41 GMT',
31 verbose headers   via: '1.1 varnish',
31 verbose headers   connection: 'keep-alive',
31 verbose headers   'x-served-by': 'cache-ams4144-AMS',
31 verbose headers   'x-cache': 'MISS',
31 verbose headers   'x-cache-hits': '0',
31 verbose headers   'x-timer': 'S1449059679.916087,VS0,VE1365' }
32 verbose request invalidating /home/jose/.npm/registry.npmjs.org/ep_timesliderdiff on PUT
33 error publish Failed PUT 403
34 verbose stack Error: "You cannot publish over the previously published version 0.0.4." : ep_timesliderdiff
34 verbose stack     at CachingRegistryClient.<anonymous> (/usr/local/lib/node_modules/npm/node_modules/npm-registry-client/lib/request.js:247:14)
34 verbose stack     at Request._callback (/usr/local/lib/node_modules/npm/node_modules/npm-registry-client/lib/request.js:170:14)
34 verbose stack     at Request.self.callback (/usr/local/lib/node_modules/npm/node_modules/request/request.js:344:22)
34 verbose stack     at Request.emit (events.js:110:17)
34 verbose stack     at Request.<anonymous> (/usr/local/lib/node_modules/npm/node_modules/request/request.js:1239:14)
34 verbose stack     at Request.emit (events.js:129:20)
34 verbose stack     at IncomingMessage.<anonymous> (/usr/local/lib/node_modules/npm/node_modules/request/request.js:1187:12)
34 verbose stack     at IncomingMessage.emit (events.js:129:20)
34 verbose stack     at _stream_readable.js:908:16
34 verbose stack     at process._tickCallback (node.js:355:11)
35 verbose statusCode 403
36 verbose pkgid ep_timesliderdiff
37 verbose cwd /home/jose/etherpad-lite/node_modules/ep_timesliderdiff
38 error Linux 4.2.0-18-generic
39 error argv "/usr/local/bin/node" "/usr/local/bin/npm" "publish"
40 error node v0.12.2
41 error npm  v2.7.4
42 error code E403
43 error "You cannot publish over the previously published version 0.0.4." : ep_timesliderdiff
44 error If you need help, you may report this error at:
44 error     <https://github.com/npm/npm/issues>
45 verbose exit [ 1, true ]
